2021-04-06 15:53:15,914 INFO  [main] com.codeworrisors.Movie_Community_Web.MovieCommunityWebApplication : Starting MovieCommunityWebApplication using Java 11.0.10 on heesangui-MacBookPro.local with PID 19776 (/Users/heesang/dev/dev_web/movie_community/movie-community_spring-server/build/classes/java/main started by heesang in /Users/heesang/dev/dev_web/movie_community/movie-community_spring-server)
2021-04-06 15:53:15,916 INFO  [main] com.codeworrisors.Movie_Community_Web.MovieCommunityWebApplication : No active profile set, falling back to default profiles: default
2021-04-06 15:53:16,607 INFO  [main] org.springframework.data.repository.config.RepositoryConfigurationDelegate : Bootstrapping Spring Data JPA repositories in DEFAULT mode.
2021-04-06 15:53:16,668 INFO  [main] org.springframework.data.repository.config.RepositoryConfigurationDelegate : Finished Spring Data repository scanning in 53 ms. Found 6 JPA repository interfaces.
2021-04-06 15:53:17,105 INFO  [main] org.springframework.boot.web.embedded.tomcat.TomcatWebServer : Tomcat initialized with port(s): 8080 (http)
2021-04-06 15:53:17,114 INFO  [main] org.apache.catalina.core.StandardService : Starting service [Tomcat]
2021-04-06 15:53:17,115 INFO  [main] org.apache.catalina.core.StandardEngine : Starting Servlet engine: [Apache Tomcat/9.0.43]
2021-04-06 15:53:17,207 INFO  [main] org.apache.catalina.core.ContainerBase.[Tomcat].[localhost].[/] : Initializing Spring embedded WebApplicationContext
2021-04-06 15:53:17,207 INFO  [main] org.springframework.boot.web.servlet.context.ServletWebServerApplicationContext : Root WebApplicationContext: initialization completed in 1246 ms
2021-04-06 15:53:17,452 INFO  [main] org.hibernate.jpa.internal.util.LogHelper : HHH000204: Processing PersistenceUnitInfo [name: default]
2021-04-06 15:53:17,492 INFO  [main] org.hibernate.Version : HHH000412: Hibernate ORM core version 5.4.28.Final
2021-04-06 15:53:17,616 INFO  [main] org.hibernate.annotations.common.Version : HCANN000001: Hibernate Commons Annotations {5.1.2.Final}
2021-04-06 15:53:17,700 INFO  [main] com.zaxxer.hikari.HikariDataSource : HikariPool-1 - Starting...
2021-04-06 15:53:17,703 WARN  [main] com.zaxxer.hikari.util.DriverDataSource : Registered driver with driverClassName=oracle.jdbc.driver.OracleDriver was not found, trying direct instantiation.
2021-04-06 15:53:17,939 INFO  [main] com.zaxxer.hikari.HikariDataSource : HikariPool-1 - Start completed.
2021-04-06 15:53:17,950 INFO  [main] org.hibernate.dialect.Dialect : HHH000400: Using dialect: org.hibernate.dialect.Oracle10gDialect
2021-04-06 15:53:19,309 ERROR [main] org.springframework.orm.jpa.LocalContainerEntityManagerFactoryBean : Failed to initialize JPA EntityManagerFactory: [PersistenceUnit: default] Unable to build Hibernate SessionFactory; nested exception is org.hibernate.loader.MultipleBagFetchException: cannot simultaneously fetch multiple bags: [com.codeworrisors.Movie_Community_Web.model.Review.commentsList, com.codeworrisors.Movie_Community_Web.model.Review.likesList]
2021-04-06 15:53:19,310 WARN  [main] org.springframework.boot.web.servlet.context.AnnotationConfigServletWebServerApplicationContext : Exception encountered during context initialization - cancelling refresh attempt: org.springframework.beans.factory.BeanCreationException: Error creating bean with name 'entityManagerFactory' defined in class path resource [org/springframework/boot/autoconfigure/orm/jpa/HibernateJpaConfiguration.class]: Invocation of init method failed; nested exception is javax.persistence.PersistenceException: [PersistenceUnit: default] Unable to build Hibernate SessionFactory; nested exception is org.hibernate.loader.MultipleBagFetchException: cannot simultaneously fetch multiple bags: [com.codeworrisors.Movie_Community_Web.model.Review.commentsList, com.codeworrisors.Movie_Community_Web.model.Review.likesList]
2021-04-06 15:53:19,310 INFO  [main] com.zaxxer.hikari.HikariDataSource : HikariPool-1 - Shutdown initiated...
2021-04-06 15:53:19,362 INFO  [main] com.zaxxer.hikari.HikariDataSource : HikariPool-1 - Shutdown completed.
2021-04-06 15:53:19,365 INFO  [main] org.apache.catalina.core.StandardService : Stopping service [Tomcat]
2021-04-06 15:53:19,376 INFO  [main] org.springframework.boot.autoconfigure.logging.ConditionEvaluationReportLoggingListener : 

Error starting ApplicationContext. To display the conditions report re-run your application with 'debug' enabled.
2021-04-06 15:53:19,402 ERROR [main] org.springframework.boot.SpringApplication : Application run failed
org.springframework.beans.factory.BeanCreationException: Error creating bean with name 'entityManagerFactory' defined in class path resource [org/springframework/boot/autoconfigure/orm/jpa/HibernateJpaConfiguration.class]: Invocation of init method failed; nested exception is javax.persistence.PersistenceException: [PersistenceUnit: default] Unable to build Hibernate SessionFactory; nested exception is org.hibernate.loader.MultipleBagFetchException: cannot simultaneously fetch multiple bags: [com.codeworrisors.Movie_Community_Web.model.Review.commentsList, com.codeworrisors.Movie_Community_Web.model.Review.likesList]
	at org.springframework.beans.factory.support.AbstractAutowireCapableBeanFactory.initializeBean(AbstractAutowireCapableBeanFactory.java:1786)
	at org.springframework.beans.factory.support.AbstractAutowireCapableBeanFactory.doCreateBean(AbstractAutowireCapableBeanFactory.java:602)
	at org.springframework.beans.factory.support.AbstractAutowireCapableBeanFactory.createBean(AbstractAutowireCapableBeanFactory.java:524)
	at org.springframework.beans.factory.support.AbstractBeanFactory.lambda$doGetBean$0(AbstractBeanFactory.java:335)
	at org.springframework.beans.factory.support.DefaultSingletonBeanRegistry.getSingleton(DefaultSingletonBeanRegistry.java:234)
	at org.springframework.beans.factory.support.AbstractBeanFactory.doGetBean(AbstractBeanFactory.java:333)
	at org.springframework.beans.factory.support.AbstractBeanFactory.getBean(AbstractBeanFactory.java:208)
	at org.springframework.context.support.AbstractApplicationContext.getBean(AbstractApplicationContext.java:1153)
	at org.springframework.context.support.AbstractApplicationContext.finishBeanFactoryInitialization(AbstractApplicationContext.java:907)
	at org.springframework.context.support.AbstractApplicationContext.refresh(AbstractApplicationContext.java:582)
	at org.springframework.boot.web.servlet.context.ServletWebServerApplicationContext.refresh(ServletWebServerApplicationContext.java:144)
	at org.springframework.boot.SpringApplication.refresh(SpringApplication.java:767)
	at org.springframework.boot.SpringApplication.refresh(SpringApplication.java:759)
	at org.springframework.boot.SpringApplication.refreshContext(SpringApplication.java:426)
	at org.springframework.boot.SpringApplication.run(SpringApplication.java:326)
	at org.springframework.boot.SpringApplication.run(SpringApplication.java:1311)
	at org.springframework.boot.SpringApplication.run(SpringApplication.java:1300)
	at com.codeworrisors.Movie_Community_Web.MovieCommunityWebApplication.main(MovieCommunityWebApplication.java:12)
Caused by: javax.persistence.PersistenceException: [PersistenceUnit: default] Unable to build Hibernate SessionFactory; nested exception is org.hibernate.loader.MultipleBagFetchException: cannot simultaneously fetch multiple bags: [com.codeworrisors.Movie_Community_Web.model.Review.commentsList, com.codeworrisors.Movie_Community_Web.model.Review.likesList]
	at org.springframework.orm.jpa.AbstractEntityManagerFactoryBean.buildNativeEntityManagerFactory(AbstractEntityManagerFactoryBean.java:421)
	at org.springframework.orm.jpa.AbstractEntityManagerFactoryBean.afterPropertiesSet(AbstractEntityManagerFactoryBean.java:396)
	at org.springframework.orm.jpa.LocalContainerEntityManagerFactoryBean.afterPropertiesSet(LocalContainerEntityManagerFactoryBean.java:341)
	at org.springframework.beans.factory.support.AbstractAutowireCapableBeanFactory.invokeInitMethods(AbstractAutowireCapableBeanFactory.java:1845)
	at org.springframework.beans.factory.support.AbstractAutowireCapableBeanFactory.initializeBean(AbstractAutowireCapableBeanFactory.java:1782)
	... 17 common frames omitted
Caused by: org.hibernate.loader.MultipleBagFetchException: cannot simultaneously fetch multiple bags: [com.codeworrisors.Movie_Community_Web.model.Review.commentsList, com.codeworrisors.Movie_Community_Web.model.Review.likesList]
	at org.hibernate.loader.plan.exec.internal.AbstractLoadQueryDetails.generate(AbstractLoadQueryDetails.java:193)
	at org.hibernate.loader.plan.exec.internal.EntityLoadQueryDetails.<init>(EntityLoadQueryDetails.java:85)
	at org.hibernate.loader.plan.exec.internal.BatchingLoadQueryDetailsFactory.makeEntityLoadQueryDetails(BatchingLoadQueryDetailsFactory.java:64)
	at org.hibernate.loader.entity.plan.AbstractLoadPlanBasedEntityLoader.<init>(AbstractLoadPlanBasedEntityLoader.java:97)
	at org.hibernate.loader.entity.plan.AbstractLoadPlanBasedEntityLoader.<init>(AbstractLoadPlanBasedEntityLoader.java:112)
	at org.hibernate.loader.entity.plan.EntityLoader.<init>(EntityLoader.java:117)
	at org.hibernate.loader.entity.plan.EntityLoader.<init>(EntityLoader.java:30)
	at org.hibernate.loader.entity.plan.EntityLoader$Builder.byUniqueKey(EntityLoader.java:82)
	at org.hibernate.loader.entity.plan.EntityLoader$Builder.byPrimaryKey(EntityLoader.java:75)
	at org.hibernate.loader.entity.plan.AbstractBatchingEntityLoaderBuilder.buildNonBatchingLoader(AbstractBatchingEntityLoaderBuilder.java:30)
	at org.hibernate.loader.entity.BatchingEntityLoaderBuilder.buildLoader(BatchingEntityLoaderBuilder.java:61)
	at org.hibernate.persister.entity.AbstractEntityPersister.createEntityLoader(AbstractEntityPersister.java:2611)
	at org.hibernate.persister.entity.AbstractEntityPersister.createEntityLoader(AbstractEntityPersister.java:2633)
	at org.hibernate.persister.entity.AbstractEntityPersister.generateDelayedEntityLoader(AbstractEntityPersister.java:4385)
	at org.hibernate.internal.util.collections.LazyIndexedMap.lockedComputeIfAbsent(LazyIndexedMap.java:77)
	at org.hibernate.internal.util.collections.LazyIndexedMap.computeIfAbsent(LazyIndexedMap.java:63)
	at org.hibernate.persister.entity.EntityLoaderLazyCollection.getOrBuildByLockMode(EntityLoaderLazyCollection.java:34)
	at org.hibernate.persister.entity.AbstractEntityPersister.getLoaderByLockMode(AbstractEntityPersister.java:4376)
	at org.hibernate.persister.entity.AbstractEntityPersister.createLoaders(AbstractEntityPersister.java:4363)
	at org.hibernate.persister.entity.AbstractEntityPersister.postInstantiate(AbstractEntityPersister.java:4338)
	at org.hibernate.metamodel.internal.MetamodelImpl.initialize(MetamodelImpl.java:257)
	at org.hibernate.internal.SessionFactoryImpl.<init>(SessionFactoryImpl.java:303)
	at org.hibernate.boot.internal.SessionFactoryBuilderImpl.build(SessionFactoryBuilderImpl.java:468)
	at org.hibernate.jpa.boot.internal.EntityManagerFactoryBuilderImpl.build(EntityManagerFactoryBuilderImpl.java:1259)
	at org.springframework.orm.jpa.vendor.SpringHibernateJpaPersistenceProvider.createContainerEntityManagerFactory(SpringHibernateJpaPersistenceProvider.java:58)
	at org.springframework.orm.jpa.LocalContainerEntityManagerFactoryBean.createNativeEntityManagerFactory(LocalContainerEntityManagerFactoryBean.java:365)
	at org.springframework.orm.jpa.AbstractEntityManagerFactoryBean.buildNativeEntityManagerFactory(AbstractEntityManagerFactoryBean.java:409)
	... 21 common frames omitted
2021-04-06 15:53:34,632 INFO  [main] com.codeworrisors.Movie_Community_Web.MovieCommunityWebApplication : Starting MovieCommunityWebApplication using Java 11.0.10 on heesangui-MacBookPro.local with PID 19823 (/Users/heesang/dev/dev_web/movie_community/movie-community_spring-server/build/classes/java/main started by heesang in /Users/heesang/dev/dev_web/movie_community/movie-community_spring-server)
2021-04-06 15:53:34,635 INFO  [main] com.codeworrisors.Movie_Community_Web.MovieCommunityWebApplication : No active profile set, falling back to default profiles: default
2021-04-06 15:53:35,215 INFO  [main] org.springframework.data.repository.config.RepositoryConfigurationDelegate : Bootstrapping Spring Data JPA repositories in DEFAULT mode.
2021-04-06 15:53:35,277 INFO  [main] org.springframework.data.repository.config.RepositoryConfigurationDelegate : Finished Spring Data repository scanning in 56 ms. Found 6 JPA repository interfaces.
2021-04-06 15:53:35,666 INFO  [main] org.springframework.boot.web.embedded.tomcat.TomcatWebServer : Tomcat initialized with port(s): 8080 (http)
2021-04-06 15:53:35,672 INFO  [main] org.apache.catalina.core.StandardService : Starting service [Tomcat]
2021-04-06 15:53:35,673 INFO  [main] org.apache.catalina.core.StandardEngine : Starting Servlet engine: [Apache Tomcat/9.0.43]
2021-04-06 15:53:35,754 INFO  [main] org.apache.catalina.core.ContainerBase.[Tomcat].[localhost].[/] : Initializing Spring embedded WebApplicationContext
2021-04-06 15:53:35,754 INFO  [main] org.springframework.boot.web.servlet.context.ServletWebServerApplicationContext : Root WebApplicationContext: initialization completed in 1059 ms
2021-04-06 15:53:35,950 INFO  [main] org.hibernate.jpa.internal.util.LogHelper : HHH000204: Processing PersistenceUnitInfo [name: default]
2021-04-06 15:53:35,980 INFO  [main] org.hibernate.Version : HHH000412: Hibernate ORM core version 5.4.28.Final
2021-04-06 15:53:36,058 INFO  [main] org.hibernate.annotations.common.Version : HCANN000001: Hibernate Commons Annotations {5.1.2.Final}
2021-04-06 15:53:36,118 INFO  [main] com.zaxxer.hikari.HikariDataSource : HikariPool-1 - Starting...
2021-04-06 15:53:36,120 WARN  [main] com.zaxxer.hikari.util.DriverDataSource : Registered driver with driverClassName=oracle.jdbc.driver.OracleDriver was not found, trying direct instantiation.
2021-04-06 15:53:36,342 INFO  [main] com.zaxxer.hikari.HikariDataSource : HikariPool-1 - Start completed.
2021-04-06 15:53:36,352 INFO  [main] org.hibernate.dialect.Dialect : HHH000400: Using dialect: org.hibernate.dialect.Oracle10gDialect
2021-04-06 15:53:36,971 ERROR [main] org.springframework.orm.jpa.LocalContainerEntityManagerFactoryBean : Failed to initialize JPA EntityManagerFactory: [PersistenceUnit: default] Unable to build Hibernate SessionFactory; nested exception is org.hibernate.loader.MultipleBagFetchException: cannot simultaneously fetch multiple bags: [com.codeworrisors.Movie_Community_Web.model.Review.commentsList, com.codeworrisors.Movie_Community_Web.model.Review.likesList]
2021-04-06 15:53:36,972 WARN  [main] org.springframework.boot.web.servlet.context.AnnotationConfigServletWebServerApplicationContext : Exception encountered during context initialization - cancelling refresh attempt: org.springframework.beans.factory.BeanCreationException: Error creating bean with name 'entityManagerFactory' defined in class path resource [org/springframework/boot/autoconfigure/orm/jpa/HibernateJpaConfiguration.class]: Invocation of init method failed; nested exception is javax.persistence.PersistenceException: [PersistenceUnit: default] Unable to build Hibernate SessionFactory; nested exception is org.hibernate.loader.MultipleBagFetchException: cannot simultaneously fetch multiple bags: [com.codeworrisors.Movie_Community_Web.model.Review.commentsList, com.codeworrisors.Movie_Community_Web.model.Review.likesList]
2021-04-06 15:53:36,972 INFO  [main] com.zaxxer.hikari.HikariDataSource : HikariPool-1 - Shutdown initiated...
2021-04-06 15:53:37,003 INFO  [main] com.zaxxer.hikari.HikariDataSource : HikariPool-1 - Shutdown completed.
2021-04-06 15:53:37,005 INFO  [main] org.apache.catalina.core.StandardService : Stopping service [Tomcat]
2021-04-06 15:53:37,016 INFO  [main] org.springframework.boot.autoconfigure.logging.ConditionEvaluationReportLoggingListener : 

Error starting ApplicationContext. To display the conditions report re-run your application with 'debug' enabled.
2021-04-06 15:53:37,033 ERROR [main] org.springframework.boot.SpringApplication : Application run failed
org.springframework.beans.factory.BeanCreationException: Error creating bean with name 'entityManagerFactory' defined in class path resource [org/springframework/boot/autoconfigure/orm/jpa/HibernateJpaConfiguration.class]: Invocation of init method failed; nested exception is javax.persistence.PersistenceException: [PersistenceUnit: default] Unable to build Hibernate SessionFactory; nested exception is org.hibernate.loader.MultipleBagFetchException: cannot simultaneously fetch multiple bags: [com.codeworrisors.Movie_Community_Web.model.Review.commentsList, com.codeworrisors.Movie_Community_Web.model.Review.likesList]
	at org.springframework.beans.factory.support.AbstractAutowireCapableBeanFactory.initializeBean(AbstractAutowireCapableBeanFactory.java:1786)
	at org.springframework.beans.factory.support.AbstractAutowireCapableBeanFactory.doCreateBean(AbstractAutowireCapableBeanFactory.java:602)
	at org.springframework.beans.factory.support.AbstractAutowireCapableBeanFactory.createBean(AbstractAutowireCapableBeanFactory.java:524)
	at org.springframework.beans.factory.support.AbstractBeanFactory.lambda$doGetBean$0(AbstractBeanFactory.java:335)
	at org.springframework.beans.factory.support.DefaultSingletonBeanRegistry.getSingleton(DefaultSingletonBeanRegistry.java:234)
	at org.springframework.beans.factory.support.AbstractBeanFactory.doGetBean(AbstractBeanFactory.java:333)
	at org.springframework.beans.factory.support.AbstractBeanFactory.getBean(AbstractBeanFactory.java:208)
	at org.springframework.context.support.AbstractApplicationContext.getBean(AbstractApplicationContext.java:1153)
	at org.springframework.context.support.AbstractApplicationContext.finishBeanFactoryInitialization(AbstractApplicationContext.java:907)
	at org.springframework.context.support.AbstractApplicationContext.refresh(AbstractApplicationContext.java:582)
	at org.springframework.boot.web.servlet.context.ServletWebServerApplicationContext.refresh(ServletWebServerApplicationContext.java:144)
	at org.springframework.boot.SpringApplication.refresh(SpringApplication.java:767)
	at org.springframework.boot.SpringApplication.refresh(SpringApplication.java:759)
	at org.springframework.boot.SpringApplication.refreshContext(SpringApplication.java:426)
	at org.springframework.boot.SpringApplication.run(SpringApplication.java:326)
	at org.springframework.boot.SpringApplication.run(SpringApplication.java:1311)
	at org.springframework.boot.SpringApplication.run(SpringApplication.java:1300)
	at com.codeworrisors.Movie_Community_Web.MovieCommunityWebApplication.main(MovieCommunityWebApplication.java:12)
Caused by: javax.persistence.PersistenceException: [PersistenceUnit: default] Unable to build Hibernate SessionFactory; nested exception is org.hibernate.loader.MultipleBagFetchException: cannot simultaneously fetch multiple bags: [com.codeworrisors.Movie_Community_Web.model.Review.commentsList, com.codeworrisors.Movie_Community_Web.model.Review.likesList]
	at org.springframework.orm.jpa.AbstractEntityManagerFactoryBean.buildNativeEntityManagerFactory(AbstractEntityManagerFactoryBean.java:421)
	at org.springframework.orm.jpa.AbstractEntityManagerFactoryBean.afterPropertiesSet(AbstractEntityManagerFactoryBean.java:396)
	at org.springframework.orm.jpa.LocalContainerEntityManagerFactoryBean.afterPropertiesSet(LocalContainerEntityManagerFactoryBean.java:341)
	at org.springframework.beans.factory.support.AbstractAutowireCapableBeanFactory.invokeInitMethods(AbstractAutowireCapableBeanFactory.java:1845)
	at org.springframework.beans.factory.support.AbstractAutowireCapableBeanFactory.initializeBean(AbstractAutowireCapableBeanFactory.java:1782)
	... 17 common frames omitted
Caused by: org.hibernate.loader.MultipleBagFetchException: cannot simultaneously fetch multiple bags: [com.codeworrisors.Movie_Community_Web.model.Review.commentsList, com.codeworrisors.Movie_Community_Web.model.Review.likesList]
	at org.hibernate.loader.plan.exec.internal.AbstractLoadQueryDetails.generate(AbstractLoadQueryDetails.java:193)
	at org.hibernate.loader.plan.exec.internal.EntityLoadQueryDetails.<init>(EntityLoadQueryDetails.java:85)
	at org.hibernate.loader.plan.exec.internal.BatchingLoadQueryDetailsFactory.makeEntityLoadQueryDetails(BatchingLoadQueryDetailsFactory.java:64)
	at org.hibernate.loader.entity.plan.AbstractLoadPlanBasedEntityLoader.<init>(AbstractLoadPlanBasedEntityLoader.java:97)
	at org.hibernate.loader.entity.plan.AbstractLoadPlanBasedEntityLoader.<init>(AbstractLoadPlanBasedEntityLoader.java:112)
	at org.hibernate.loader.entity.plan.EntityLoader.<init>(EntityLoader.java:117)
	at org.hibernate.loader.entity.plan.EntityLoader.<init>(EntityLoader.java:30)
	at org.hibernate.loader.entity.plan.EntityLoader$Builder.byUniqueKey(EntityLoader.java:82)
	at org.hibernate.loader.entity.plan.EntityLoader$Builder.byPrimaryKey(EntityLoader.java:75)
	at org.hibernate.loader.entity.plan.AbstractBatchingEntityLoaderBuilder.buildNonBatchingLoader(AbstractBatchingEntityLoaderBuilder.java:30)
	at org.hibernate.loader.entity.BatchingEntityLoaderBuilder.buildLoader(BatchingEntityLoaderBuilder.java:61)
	at org.hibernate.persister.entity.AbstractEntityPersister.createEntityLoader(AbstractEntityPersister.java:2611)
	at org.hibernate.persister.entity.AbstractEntityPersister.createEntityLoader(AbstractEntityPersister.java:2633)
	at org.hibernate.persister.entity.AbstractEntityPersister.generateDelayedEntityLoader(AbstractEntityPersister.java:4385)
	at org.hibernate.internal.util.collections.LazyIndexedMap.lockedComputeIfAbsent(LazyIndexedMap.java:77)
	at org.hibernate.internal.util.collections.LazyIndexedMap.computeIfAbsent(LazyIndexedMap.java:63)
	at org.hibernate.persister.entity.EntityLoaderLazyCollection.getOrBuildByLockMode(EntityLoaderLazyCollection.java:34)
	at org.hibernate.persister.entity.AbstractEntityPersister.getLoaderByLockMode(AbstractEntityPersister.java:4376)
	at org.hibernate.persister.entity.AbstractEntityPersister.createLoaders(AbstractEntityPersister.java:4363)
	at org.hibernate.persister.entity.AbstractEntityPersister.postInstantiate(AbstractEntityPersister.java:4338)
	at org.hibernate.metamodel.internal.MetamodelImpl.initialize(MetamodelImpl.java:257)
	at org.hibernate.internal.SessionFactoryImpl.<init>(SessionFactoryImpl.java:303)
	at org.hibernate.boot.internal.SessionFactoryBuilderImpl.build(SessionFactoryBuilderImpl.java:468)
	at org.hibernate.jpa.boot.internal.EntityManagerFactoryBuilderImpl.build(EntityManagerFactoryBuilderImpl.java:1259)
	at org.springframework.orm.jpa.vendor.SpringHibernateJpaPersistenceProvider.createContainerEntityManagerFactory(SpringHibernateJpaPersistenceProvider.java:58)
	at org.springframework.orm.jpa.LocalContainerEntityManagerFactoryBean.createNativeEntityManagerFactory(LocalContainerEntityManagerFactoryBean.java:365)
	at org.springframework.orm.jpa.AbstractEntityManagerFactoryBean.buildNativeEntityManagerFactory(AbstractEntityManagerFactoryBean.java:409)
	... 21 common frames omitted
2021-04-06 15:55:28,246 INFO  [main] com.codeworrisors.Movie_Community_Web.MovieCommunityWebApplication : Starting MovieCommunityWebApplication using Java 11.0.10 on heesangui-MacBookPro.local with PID 19965 (/Users/heesang/dev/dev_web/movie_community/movie-community_spring-server/build/classes/java/main started by heesang in /Users/heesang/dev/dev_web/movie_community/movie-community_spring-server)
2021-04-06 15:55:28,249 INFO  [main] com.codeworrisors.Movie_Community_Web.MovieCommunityWebApplication : No active profile set, falling back to default profiles: default
2021-04-06 15:55:28,871 INFO  [main] org.springframework.data.repository.config.RepositoryConfigurationDelegate : Bootstrapping Spring Data JPA repositories in DEFAULT mode.
2021-04-06 15:55:28,931 INFO  [main] org.springframework.data.repository.config.RepositoryConfigurationDelegate : Finished Spring Data repository scanning in 51 ms. Found 6 JPA repository interfaces.
2021-04-06 15:55:29,371 INFO  [main] org.springframework.boot.web.embedded.tomcat.TomcatWebServer : Tomcat initialized with port(s): 8080 (http)
2021-04-06 15:55:29,381 INFO  [main] org.apache.catalina.core.StandardService : Starting service [Tomcat]
2021-04-06 15:55:29,381 INFO  [main] org.apache.catalina.core.StandardEngine : Starting Servlet engine: [Apache Tomcat/9.0.43]
2021-04-06 15:55:29,459 INFO  [main] org.apache.catalina.core.ContainerBase.[Tomcat].[localhost].[/] : Initializing Spring embedded WebApplicationContext
2021-04-06 15:55:29,460 INFO  [main] org.springframework.boot.web.servlet.context.ServletWebServerApplicationContext : Root WebApplicationContext: initialization completed in 1175 ms
2021-04-06 15:55:29,656 INFO  [main] org.hibernate.jpa.internal.util.LogHelper : HHH000204: Processing PersistenceUnitInfo [name: default]
2021-04-06 15:55:29,696 INFO  [main] org.hibernate.Version : HHH000412: Hibernate ORM core version 5.4.28.Final
2021-04-06 15:55:29,820 INFO  [main] org.hibernate.annotations.common.Version : HCANN000001: Hibernate Commons Annotations {5.1.2.Final}
2021-04-06 15:55:29,898 INFO  [main] com.zaxxer.hikari.HikariDataSource : HikariPool-1 - Starting...
2021-04-06 15:55:29,903 WARN  [main] com.zaxxer.hikari.util.DriverDataSource : Registered driver with driverClassName=oracle.jdbc.driver.OracleDriver was not found, trying direct instantiation.
2021-04-06 15:55:30,098 INFO  [main] com.zaxxer.hikari.HikariDataSource : HikariPool-1 - Start completed.
2021-04-06 15:55:30,109 INFO  [main] org.hibernate.dialect.Dialect : HHH000400: Using dialect: org.hibernate.dialect.Oracle10gDialect
2021-04-06 15:55:31,812 INFO  [main] org.hibernate.engine.transaction.jta.platform.internal.JtaPlatformInitiator : HHH000490: Using JtaPlatform implementation: [org.hibernate.engine.transaction.jta.platform.internal.NoJtaPlatform]
2021-04-06 15:55:31,824 INFO  [main] org.springframework.orm.jpa.LocalContainerEntityManagerFactoryBean : Initialized JPA EntityManagerFactory for persistence unit 'default'
2021-04-06 15:55:32,344 WARN  [main] org.springframework.boot.autoconfigure.orm.jpa.JpaBaseConfiguration$JpaWebConfiguration : spring.jpa.open-in-view is enabled by default. Therefore, database queries may be performed during view rendering. Explicitly configure spring.jpa.open-in-view to disable this warning
2021-04-06 15:55:32,607 INFO  [main] org.springframework.security.web.DefaultSecurityFilterChain : Will secure any request with [org.springframework.security.web.context.request.async.WebAsyncManagerIntegrationFilter@6b286640, org.springframework.security.web.context.SecurityContextPersistenceFilter@3962b216, org.springframework.security.web.header.HeaderWriterFilter@7ef3aa21, org.springframework.web.filter.CorsFilter@6e31d989, org.springframework.security.web.authentication.logout.LogoutFilter@69ae7632, com.codeworrisors.Movie_Community_Web.security.jwt.JwtAuthenticationFilter@294a12b5, com.codeworrisors.Movie_Community_Web.security.jwt.JwtAuthorizationFilter@628aea61, org.springframework.security.web.savedrequest.RequestCacheAwareFilter@31a80c88, org.springframework.security.web.servletapi.SecurityContextHolderAwareRequestFilter@61d527ac, org.springframework.security.web.authentication.AnonymousAuthenticationFilter@3606eee9, org.springframework.security.web.session.SessionManagementFilter@49392256, org.springframework.security.web.access.ExceptionTranslationFilter@7b43f95c, org.springframework.security.web.access.intercept.FilterSecurityInterceptor@670aac24]
2021-04-06 15:55:32,896 INFO  [main] org.springframework.scheduling.concurrent.ThreadPoolTaskScheduler : Initializing ExecutorService 'taskScheduler'
2021-04-06 15:55:32,946 INFO  [main] org.springframework.boot.web.embedded.tomcat.TomcatWebServer : Tomcat started on port(s): 8080 (http) with context path ''
2021-04-06 15:55:32,962 INFO  [main] com.codeworrisors.Movie_Community_Web.MovieCommunityWebApplication : Started MovieCommunityWebApplication in 5.046 seconds (JVM running for 5.757)
